<?xml version="1.0" encoding="UTF-8"?>
<testng-results skipped="0" failed="0" total="3" passed="3">
  <reporter-output>
  </reporter-output>
  <suite name="Default suite" duration-ms="242069" started-at="2020-12-09T05:21:19Z" finished-at="2020-12-09T05:25:21Z">
    <groups>
      <group name="cucumber">
        <method signature="AbstractTestNGCucumberTests.feature(cucumber.api.testng.CucumberFeatureWrapper)[pri:0, instance:testrunner.TestRunner@22f71333]" name="feature" class="cucumber.api.testng.AbstractTestNGCucumberTests"/>
      </group> <!-- cucumber -->
    </groups>
    <test name="Default test" duration-ms="242069" started-at="2020-12-09T05:21:19Z" finished-at="2020-12-09T05:25:21Z">
      <class name="testrunner.TestRunner">
        <test-method status="PASS" signature="setUpClass()[pri:0, instance:testrunner.TestRunner@22f71333]" name="setUpClass" is-config="true" duration-ms="260" started-at="2020-12-09T10:51:19Z" finished-at="2020-12-09T10:51:19Z">
          <reporter-output>
          </reporter-output>
        </test-method> <!-- setUpClass -->
        <test-method status="PASS" signature="feature(cucumber.api.testng.CucumberFeatureWrapper)[pri:0, instance:testrunner.TestRunner@22f71333]" name="feature" duration-ms="72895" started-at="2020-12-09T10:51:19Z" description="Runs Cucumber Feature" data-provider="features" finished-at="2020-12-09T10:52:32Z">
          <params>
            <param index="0">
              <value>
                <![CDATA[login]]>
              </value>
            </param>
          </params>
          <reporter-output>
          </reporter-output>
        </test-method> <!-- feature -->
        <test-method status="PASS" signature="feature(cucumber.api.testng.CucumberFeatureWrapper)[pri:0, instance:testrunner.TestRunner@22f71333]" name="feature" duration-ms="149417" started-at="2020-12-09T10:52:32Z" description="Runs Cucumber Feature" data-provider="features" finished-at="2020-12-09T10:55:01Z">
          <params>
            <param index="0">
              <value>
                <![CDATA[Registration]]>
              </value>
            </param>
          </params>
          <reporter-output>
          </reporter-output>
        </test-method> <!-- feature -->
        <test-method status="PASS" signature="feature(cucumber.api.testng.CucumberFeatureWrapper)[pri:0, instance:testrunner.TestRunner@22f71333]" name="feature" duration-ms="19393" started-at="2020-12-09T10:55:01Z" description="Runs Cucumber Feature" data-provider="features" finished-at="2020-12-09T10:55:21Z">
          <params>
            <param index="0">
              <value>
                <![CDATA[UpdateCart]]>
              </value>
            </param>
          </params>
          <reporter-output>
          </reporter-output>
        </test-method> <!-- feature -->
        <test-method status="PASS" signature="tearDownClass()[pri:0, instance:testrunner.TestRunner@22f71333]" name="tearDownClass" is-config="true" duration-ms="25" started-at="2020-12-09T10:55:21Z" finished-at="2020-12-09T10:55:21Z">
          <reporter-output>
          </reporter-output>
        </test-method> <!-- tearDownClass -->
      </class> <!-- testrunner.TestRunner -->
    </test> <!-- Default test -->
  </suite> <!-- Default suite -->
</testng-results>
